old   7: TABLESPACE &&DATA_TBS
new   7: TABLESPACE MMF_9_6_DATA

Table created.

old   8: TABLESPACE &&DATA_TBS
new   8: TABLESPACE MMF_9_6_DATA

Table created.

old   6: TABLESPACE &&DATA_TBS
new   6: TABLESPACE MMF_9_6_DATA

Table created.

old   6: TABLESPACE &&DATA_TBS
new   6: TABLESPACE MMF_9_6_DATA

Table created.

old  12: TABLESPACE &&DATA_TBS
new  12: TABLESPACE MMF_9_6_DATA

Table created.

old   8: TABLESPACE &&DATA_TBS
new   8: TABLESPACE MMF_9_6_DATA

Table created.

old   6: TABLESPACE &&DATA_TBS
new   6: TABLESPACE MMF_9_6_DATA

Table created.

old   7: TABLESPACE &&DATA_TBS
new   7: TABLESPACE MMF_9_6_DATA

Table created.

old   6: TABLESPACE &&DATA_TBS
new   6: TABLESPACE MMF_9_6_DATA

Table created.

old   7: TABLESPACE &&DATA_TBS
new   7: TABLESPACE MMF_9_6_DATA

Table created.

old   1: ALTER TABLE USERS ADD CONSTRAINT PK_USER PRIMARY KEY (ID) USING INDEX TABLESPACE &&INDEX_TABLESPACE
new   1: ALTER TABLE USERS ADD CONSTRAINT PK_USER PRIMARY KEY (ID) USING INDEX TABLESPACE MMF_9_6_IDX

Table altered.

old   1: ALTER TABLE ALBUMS ADD CONSTRAINT PK_ALBUM PRIMARY KEY (ID) USING INDEX TABLESPACE &&INDEX_TABLESPACE
new   1: ALTER TABLE ALBUMS ADD CONSTRAINT PK_ALBUM PRIMARY KEY (ID) USING INDEX TABLESPACE MMF_9_6_IDX

Table altered.

old   1: ALTER TABLE STYLES ADD CONSTRAINT PK_STYLE PRIMARY KEY (ID) USING INDEX TABLESPACE &&INDEX_TABLESPACE
new   1: ALTER TABLE STYLES ADD CONSTRAINT PK_STYLE PRIMARY KEY (ID) USING INDEX TABLESPACE MMF_9_6_IDX

Table altered.

old   1: ALTER TABLE PLAYLISTS ADD CONSTRAINT PK_PLAYLIST PRIMARY KEY (ID) USING INDEX TABLESPACE &&INDEX_TABLESPACE
new   1: ALTER TABLE PLAYLISTS ADD CONSTRAINT PK_PLAYLIST PRIMARY KEY (ID) USING INDEX TABLESPACE MMF_9_6_IDX

Table altered.

old   1: ALTER TABLE COMPOSITIONS ADD CONSTRAINT PK_COMPOSITION PRIMARY KEY (ID) USING INDEX TABLESPACE &&INDEX_TABLESPACE
new   1: ALTER TABLE COMPOSITIONS ADD CONSTRAINT PK_COMPOSITION PRIMARY KEY (ID) USING INDEX TABLESPACE MMF_9_6_IDX

Table altered.

old   1: ALTER TABLE USER_STATUSES ADD CONSTRAINT PK_USER_STATUS PRIMARY KEY (ID) USING INDEX TABLESPACE &&INDEX_TABLESPACE
new   1: ALTER TABLE USER_STATUSES ADD CONSTRAINT PK_USER_STATUS PRIMARY KEY (ID) USING INDEX TABLESPACE MMF_9_6_IDX

Table altered.

old   1: ALTER TABLE LISTENING_HISTORIES ADD CONSTRAINT PK_LISTENING_HISTORY PRIMARY KEY (ID) USING INDEX TABLESPACE &&INDEX_TABLESPACE
new   1: ALTER TABLE LISTENING_HISTORIES ADD CONSTRAINT PK_LISTENING_HISTORY PRIMARY KEY (ID) USING INDEX TABLESPACE MMF_9_6_IDX

Table altered.

old   1: ALTER TABLE COMPOSITION_REVIEWS ADD CONSTRAINT PK_COMPOSITION_REVIEW PRIMARY KEY (ID) USING INDEX TABLESPACE &&INDEX_TABLESPACE
new   1: ALTER TABLE COMPOSITION_REVIEWS ADD CONSTRAINT PK_COMPOSITION_REVIEW PRIMARY KEY (ID) USING INDEX TABLESPACE MMF_9_6_IDX

Table altered.

old   1: ALTER TABLE PLAYLIST_CONTENTS ADD CONSTRAINT PK_PLAYLIST_CONTENT PRIMARY KEY (ID) USING INDEX TABLESPACE &&INDEX_TABLESPACE
new   1: ALTER TABLE PLAYLIST_CONTENTS ADD CONSTRAINT PK_PLAYLIST_CONTENT PRIMARY KEY (ID) USING INDEX TABLESPACE MMF_9_6_IDX

Table altered.

old   1: ALTER TABLE ALBUM_REVIEWS ADD CONSTRAINT PK_ALBUM_REVIEW PRIMARY KEY (ID) USING INDEX TABLESPACE &&INDEX_TABLESPACE
new   1: ALTER TABLE ALBUM_REVIEWS ADD CONSTRAINT PK_ALBUM_REVIEW PRIMARY KEY (ID) USING INDEX TABLESPACE MMF_9_6_IDX

Table altered.


Table altered.

old   1: CREATE INDEX FK_USER_STATUSES_USER ON USER_STATUSES(User_ID) TABLESPACE &&INDEX_TABLESPACE
new   1: CREATE INDEX FK_USER_STATUSES_USER ON USER_STATUSES(User_ID) TABLESPACE MMF_9_6_IDX

Index created.


Table altered.

old   1: CREATE INDEX FK_USER_STATUSES_ALBUM ON USER_STATUSES(Current_Album_ID) TABLESPACE &&INDEX_TABLESPACE
new   1: CREATE INDEX FK_USER_STATUSES_ALBUM ON USER_STATUSES(Current_Album_ID) TABLESPACE MMF_9_6_IDX

Index created.


Table altered.

old   1: CREATE INDEX FK_USER_STATUSES_COMPOSITION ON USER_STATUSES(Current_Composition_ID) TABLESPACE &&INDEX_TABLESPACE
new   1: CREATE INDEX FK_USER_STATUSES_COMPOSITION ON USER_STATUSES(Current_Composition_ID) TABLESPACE MMF_9_6_IDX

Index created.


Table altered.

old   1: CREATE INDEX FK_COMPOSITION_REVIEWS_COMPOSITION ON COMPOSITION_REVIEWS(Composition_ID) TABLESPACE &&INDEX_TABLESPACE
new   1: CREATE INDEX FK_COMPOSITION_REVIEWS_COMPOSITION ON COMPOSITION_REVIEWS(Composition_ID) TABLESPACE MMF_9_6_IDX

Index created.


Table altered.

old   1: CREATE INDEX FK_COMPOSITION_REVIEWS_USER ON COMPOSITION_REVIEWS(USER_ID) TABLESPACE &&INDEX_TABLESPACE
new   1: CREATE INDEX FK_COMPOSITION_REVIEWS_USER ON COMPOSITION_REVIEWS(USER_ID) TABLESPACE MMF_9_6_IDX

Index created.


Table altered.

old   1: CREATE INDEX FK_ALBUM_REVIEWS_ALBUM ON ALBUM_REVIEWS(ALBUM_ID) TABLESPACE &&INDEX_TABLESPACE
new   1: CREATE INDEX FK_ALBUM_REVIEWS_ALBUM ON ALBUM_REVIEWS(ALBUM_ID) TABLESPACE MMF_9_6_IDX

Index created.


Table altered.

old   1: CREATE INDEX FK_ALBUM_REVIEWS_USER ON ALBUM_REVIEWS(USER_ID) TABLESPACE &&INDEX_TABLESPACE
new   1: CREATE INDEX FK_ALBUM_REVIEWS_USER ON ALBUM_REVIEWS(USER_ID) TABLESPACE MMF_9_6_IDX

Index created.


Table altered.

old   1: CREATE INDEX FK_COMPOSITIONS_OWNER ON COMPOSITIONS(OWNER_ID) TABLESPACE &&INDEX_TABLESPACE
new   1: CREATE INDEX FK_COMPOSITIONS_OWNER ON COMPOSITIONS(OWNER_ID) TABLESPACE MMF_9_6_IDX

Index created.


Table altered.

old   1: CREATE INDEX FK_COMPOSITIONS_STYLE ON COMPOSITIONS(STYLE_ID) TABLESPACE &&INDEX_TABLESPACE
new   1: CREATE INDEX FK_COMPOSITIONS_STYLE ON COMPOSITIONS(STYLE_ID) TABLESPACE MMF_9_6_IDX

Index created.


Table altered.

old   1: CREATE INDEX FK_COMPOSITIONS_ALBUM ON COMPOSITIONS(ALBUM_ID) TABLESPACE &&INDEX_TABLESPACE
new   1: CREATE INDEX FK_COMPOSITIONS_ALBUM ON COMPOSITIONS(ALBUM_ID) TABLESPACE MMF_9_6_IDX

Index created.


Table altered.

old   1: CREATE INDEX FK_PLAYLIST_CONTENTS_PLAYLIST ON PLAYLIST_CONTENTS(PLAYLIST_ID) TABLESPACE &&INDEX_TABLESPACE
new   1: CREATE INDEX FK_PLAYLIST_CONTENTS_PLAYLIST ON PLAYLIST_CONTENTS(PLAYLIST_ID) TABLESPACE MMF_9_6_IDX

Index created.


Table altered.

old   1: CREATE INDEX FK_PLAYLIST_CONTENTS_COMPOSITION ON PLAYLIST_CONTENTS(COMPOSITION_ID) TABLESPACE &&INDEX_TABLESPACE
new   1: CREATE INDEX FK_PLAYLIST_CONTENTS_COMPOSITION ON PLAYLIST_CONTENTS(COMPOSITION_ID) TABLESPACE MMF_9_6_IDX

Index created.


Table altered.

old   1: CREATE INDEX FK_PLAYLISTS_OWNER ON PLAYLISTS(OWNER_ID) TABLESPACE &&INDEX_TABLESPACE
new   1: CREATE INDEX FK_PLAYLISTS_OWNER ON PLAYLISTS(OWNER_ID) TABLESPACE MMF_9_6_IDX

Index created.


Table altered.

old   1: CREATE INDEX FK_LISTENING_HISTORIES_COMPOSITION ON LISTENING_HISTORIES(COMPOSITION_ID) TABLESPACE &&INDEX_TABLESPACE
new   1: CREATE INDEX FK_LISTENING_HISTORIES_COMPOSITION ON LISTENING_HISTORIES(COMPOSITION_ID) TABLESPACE MMF_9_6_IDX

Index created.

